2020-08-09 19:54:27,156 ERROR [support.Log] Class ReadWrite | Method setExcelFile | Exception desc: .\src\testing\dataEngine\DemoAdmin.xls (The system cannot find the file specified) 
2020-08-09 19:54:27,160 ERROR [support.Log] Class ReadWriteExcel| Method getNumberofRow | Exception desc: null 
2020-08-09 19:55:35,778 ERROR [support.Log] Class ReadWrite | Method setExcelFile | Exception desc: The supplied data appears to be in the Office 2007+ XML. You are calling the part of POI that deals with OLE2 Office Documents. You need to call a different part of POI to process this data (eg XSSF instead of HSSF) 
2020-08-09 19:55:35,779 ERROR [support.Log] Class ReadWriteExcel| Method getNumberofRow | Exception desc: null 
2020-08-09 19:56:42,351 ERROR [support.Log] Class ReadWrite | Method setExcelFile | Exception desc: The supplied data appears to be in the Office 2007+ XML. You are calling the part of POI that deals with OLE2 Office Documents. You need to call a different part of POI to process this data (eg XSSF instead of HSSF) 
2020-08-09 19:56:42,352 ERROR [support.Log] Class ReadWriteExcel| Method getNumberofRow | Exception desc: null 
2020-08-09 19:57:00,747 ERROR [support.Log] Class ReadWrite | Method setExcelFile | Exception desc: The supplied data appears to be in the Office 2007+ XML. You are calling the part of POI that deals with OLE2 Office Documents. You need to call a different part of POI to process this data (eg XSSF instead of HSSF) 
2020-08-09 19:57:00,748 ERROR [support.Log] Class ReadWriteExcel| Method getNumberofRow | Exception desc: null 
2020-08-09 19:58:07,393 ERROR [support.Log] Class ReadWrite | Method setExcelFile | Exception desc: The supplied data appears to be in the Office 2007+ XML. You are calling the part of POI that deals with OLE2 Office Documents. You need to call a different part of POI to process this data (eg XSSF instead of HSSF) 
2020-08-09 19:58:07,393 ERROR [support.Log] Class ReadWriteExcel| Method getNumberofRow | Exception desc: null 
2020-08-09 19:58:33,368 ERROR [support.Log] Class ReadWrite | Method setExcelFile | Exception desc: The supplied data appears to be in the Office 2007+ XML. You are calling the part of POI that deals with OLE2 Office Documents. You need to call a different part of POI to process this data (eg XSSF instead of HSSF) 
2020-08-09 19:58:33,368 ERROR [support.Log] Class ReadWriteExcel| Method getNumberofRow | Exception desc: null 
2020-08-09 19:59:08,496 INFO  [support.Log] **************************************************************************************** 
2020-08-09 19:59:08,497 INFO  [support.Log] **************************************************************************************** 
2020-08-09 19:59:08,497 INFO  [support.Log] $$$$$$$$$$$$$$$$$$$$$                 TestCase33       $$$$$$$$$$$$$$$$$$$$$$$$$ 
2020-08-09 19:59:08,497 INFO  [support.Log] **************************************************************************************** 
2020-08-09 19:59:08,497 INFO  [support.Log] **************************************************************************************** 
2020-08-09 19:59:09,717 INFO  [support.Log] *Try to Open Browser* 
2020-08-09 19:59:13,311 INFO  [support.Log] Opened Browser: Chrome 
2020-08-09 19:59:13,385 INFO  [support.Log] *Try to navigate to specify URL* 
2020-08-09 19:59:18,501 INFO  [support.Log] -------- Unable to navigate to URL --------unknown error: cannot determine loading status
from disconnected: received Inspector.detached event
  (Session info: chrome=84.0.4147.105)
  (Driver info: chromedriver=2.41.578737 (49da6702b16031c40d63e5618de03a32ff6c197e),platform=Windows NT 6.3.9600 x86_64) (WARNING: The server did not provide any stacktrace information)
Command duration or timeout: 5.10 seconds
Build info: version: '3.2.0', revision: '8c03df6', time: '2017-03-02 09:34:51 -0800'
System info: host: 'CA_AUTOMATION', ip: '172.20.30.122', os.name: 'Windows Server 2012 R2', os.arch: 'amd64', os.version: '6.3', java.version: '1.8.0_131'
Driver info: org.openqa.selenium.chrome.ChromeDriver
Capabilities [{mobileEmulationEnabled=false, hasTouchScreen=false, platform=WIN8_1, acceptSslCerts=false, goog:chromeOptions={debuggerAddress=localhost:49235}, acceptInsecureCerts=false, webStorageEnabled=true, browserName=chrome, takesScreenshot=true, javascriptEnabled=true, setWindowRect=true, unexpectedAlertBehaviour=, applicationCacheEnabled=false, rotatable=false, networkConnectionEnabled=false, chrome={chromedriverVersion=2.41.578737 (49da6702b16031c40d63e5618de03a32ff6c197e), userDataDir=C:\Users\PRODAD~1\AppData\Local\Temp\3\scoped_dir5496_24882}, takesHeapSnapshot=true, pageLoadStrategy=normal, databaseEnabled=false, handlesAlerts=true, version=84.0.4147.105, browserConnectionEnabled=false, nativeEvents=true, locationContextEnabled=true, cssSelectorsEnabled=true}]
Session ID: 941fb75b8dcb080fab9774713dde7684 
2020-08-09 20:00:27,974 ERROR [support.Log] Class ReadWrite | Method setExcelFile | Exception desc: The supplied data appears to be in the Office 2007+ XML. You are calling the part of POI that deals with OLE2 Office Documents. You need to call a different part of POI to process this data (eg XSSF instead of HSSF) 
2020-08-09 20:00:27,975 ERROR [support.Log] Class ReadWriteExcel| Method getNumberofRow | Exception desc: null 
2020-08-09 20:01:02,799 ERROR [support.Log] Class ReadWrite | Method setExcelFile | Exception desc: The supplied data appears to be in the Office 2007+ XML. You are calling the part of POI that deals with OLE2 Office Documents. You need to call a different part of POI to process this data (eg XSSF instead of HSSF) 
2020-08-09 20:01:02,800 ERROR [support.Log] Class ReadWriteExcel| Method getNumberofRow | Exception desc: null 
2020-08-09 20:33:18,112 INFO  [support.Log] **************************************************************************************** 
2020-08-09 20:33:18,112 INFO  [support.Log] **************************************************************************************** 
2020-08-09 20:33:18,112 INFO  [support.Log] $$$$$$$$$$$$$$$$$$$$$                 TestCase33       $$$$$$$$$$$$$$$$$$$$$$$$$ 
2020-08-09 20:33:18,112 INFO  [support.Log] **************************************************************************************** 
2020-08-09 20:33:18,112 INFO  [support.Log] **************************************************************************************** 
2020-08-09 20:33:19,174 INFO  [support.Log] *Try to Open Browser* 
2020-08-09 20:33:22,672 INFO  [support.Log] Opened Browser: Chrome 
2020-08-09 20:33:22,731 INFO  [support.Log] *Try to navigate to specify URL* 
2020-08-09 20:33:31,529 INFO  [support.Log] Navigated to specify URL: https://dbsrv02.healthasyst.com:3300/Admin/Login.aspx 
2020-08-09 20:33:31,588 INFO  [support.Log] *Try to input value* 
2020-08-09 20:33:31,727 INFO  [support.Log] Inputted value: user1234 to element TXT_USERNAME 
2020-08-09 20:33:31,828 INFO  [support.Log] *Try to input value* 
2020-08-09 20:33:31,957 INFO  [support.Log] Inputted value: Rece@5555 to element TXT_PASSWORD 
2020-08-09 20:33:32,019 INFO  [support.Log] *Try to Click on WebElement* 
2020-08-09 20:33:34,301 INFO  [support.Log] Clicked on WebElement BTN_lOGINADMIN 
2020-08-09 20:33:34,356 INFO  [support.Log] *Try to Click on WebElement* 
2020-08-09 20:33:34,937 INFO  [support.Log] Clicked on WebElement TAB_PAYMENT 
2020-08-09 20:33:34,991 INFO  [support.Log] *Try to select by visible text* 
2020-08-09 20:33:35,083 INFO  [support.Log] Selected LSTBOX_ORGANIZATION by visible text: Intergy 
2020-08-09 20:33:35,142 INFO  [support.Log] *Try to select by visible text* 
2020-08-09 20:33:35,769 INFO  [support.Log] Selected LSTBOX_CARDPAYMENTOPTION by visible text: Manual-Card-Entry 
2020-08-09 20:33:35,849 INFO  [support.Log] *Try to select by visible text* 
2020-08-09 20:33:35,901 INFO  [support.Log] Selected LSTBOX_CARDONFILE by visible text: Enable 
2020-08-09 20:33:35,985 INFO  [support.Log] *Try to select by visible text* 
2020-08-09 20:33:36,034 INFO  [support.Log] Selected LSTBOX_PAYMENTGATEWAY by visible text: Vantiv 
2020-08-09 20:33:36,138 INFO  [support.Log] *Try to Select Radio Button* 
2020-08-09 20:33:36,220 INFO  [support.Log] Radio Button: RDB_DISABLEPPLAN was already Selected. 
2020-08-09 20:33:36,277 INFO  [support.Log] *Try to Click on WebElement* 
2020-08-09 20:33:36,888 INFO  [support.Log] Clicked on WebElement BTN_SAVEPAYMENT 
2020-08-09 20:33:36,940 INFO  [support.Log] *Try to close the browser* 
2020-08-09 20:33:39,254 INFO  [support.Log] *Closed the browser* 
2020-08-09 20:33:39,302 INFO  [support.Log] *Try to Open Browser* 
2020-08-09 20:34:37,094 ERROR [support.Log] Class ReadWrite | Method setExcelFile | Exception desc: The supplied data appears to be in the Office 2007+ XML. You are calling the part of POI that deals with OLE2 Office Documents. You need to call a different part of POI to process this data (eg XSSF instead of HSSF) 
2020-08-09 20:34:37,094 ERROR [support.Log] Class ReadWriteExcel| Method getNumberofRow | Exception desc: null 
2020-08-09 20:36:49,848 INFO  [support.Log] **************************************************************************************** 
2020-08-09 20:36:49,848 INFO  [support.Log] **************************************************************************************** 
2020-08-09 20:36:49,849 INFO  [support.Log] $$$$$$$$$$$$$$$$$$$$$                 Admin       $$$$$$$$$$$$$$$$$$$$$$$$$ 
2020-08-09 20:36:49,849 INFO  [support.Log] **************************************************************************************** 
2020-08-09 20:36:49,849 INFO  [support.Log] **************************************************************************************** 
2020-08-09 20:36:49,849 INFO  [support.Log] *Try to Open Browser* 
2020-08-09 20:36:53,597 INFO  [support.Log] Opened Browser: Chrome 
2020-08-09 20:36:53,648 INFO  [support.Log] *Try to navigate to specify URL* 
2020-08-09 20:36:53,904 INFO  [support.Log] Navigated to specify URL: https://caautomation3.healthasyst.com:20007/Admin/Login.aspx 
2020-08-09 20:36:53,925 INFO  [support.Log] *Try to input value* 
2020-08-09 20:36:54,062 INFO  [support.Log] Inputted value: user1234 to element TXT_USERNAME 
2020-08-09 20:36:54,082 INFO  [support.Log] *Try to input value* 
2020-08-09 20:36:54,201 INFO  [support.Log] Inputted value: Rece@1234 to element TXT_PASSWORD 
2020-08-09 20:36:54,219 INFO  [support.Log] *Try to Click on WebElement* 
2020-08-09 20:36:54,604 INFO  [support.Log] Clicked on WebElement BTN_ADMINLOGIN 
2020-08-09 20:36:54,620 INFO  [support.Log] *Try to Click on WebElement* 
2020-08-09 20:36:54,787 INFO  [support.Log] Clicked on WebElement TAB_PAYMENT 
2020-08-09 20:36:54,799 INFO  [support.Log] *Try to select by visible text* 
2020-08-09 20:36:54,894 INFO  [support.Log] Selected LSTBOX_ORGANIZATION by visible text: Intergy 
2020-08-09 20:36:54,907 INFO  [support.Log] *Try to select by visible text* 
2020-08-09 20:36:55,053 INFO  [support.Log] Selected LSTBOX_CARDPAYMENTOPTION by visible text: Manual-Card-Entry 
2020-08-09 20:36:55,065 INFO  [support.Log] *Try to select by visible text* 
2020-08-09 20:36:55,116 INFO  [support.Log] Selected LSTBOX_CARDONFILE by visible text: Disable 
2020-08-09 20:36:55,127 INFO  [support.Log] *Try to select by visible text* 
2020-08-09 20:36:55,173 INFO  [support.Log] Selected LSTBOX_PAYMENTGATEWAY by visible text: Vantiv 
2020-08-09 20:36:55,183 INFO  [support.Log] *Try to Select Radio Button* 
2020-08-09 20:36:55,207 INFO  [support.Log] Select Radio Button: RDB_DISABLEPPLAN 
2020-08-09 20:36:55,216 INFO  [support.Log] *Try to Click on WebElement* 
2020-08-09 20:36:55,386 INFO  [support.Log] Clicked on WebElement BTN_SAVEPAYMENT 
2020-08-09 20:36:55,396 INFO  [support.Log] *Try to quit the browser* 
2020-08-09 20:36:56,189 INFO  [support.Log] *quitted the browser* 
2020-08-09 20:36:56,209 INFO  [support.Log] XXXXXXXXXXXXXXXXXXXXXXX             -E---N---D-             XXXXXXXXXXXXXXXXXXXXXX 
2020-08-09 20:36:56,209 INFO  [support.Log] X 
2020-08-09 20:36:56,209 INFO  [support.Log] X 
2020-08-09 20:36:56,209 INFO  [support.Log] X 
2020-08-09 20:36:56,209 INFO  [support.Log] X 
2020-08-09 20:36:56,210 ERROR [support.Log] Class ReadWrite | Method setExcelFile | Exception desc: Admin (The system cannot find the file specified) 
2020-08-09 20:36:56,225 INFO  [support.Log] **************************************************************************************** 
2020-08-09 20:36:56,225 INFO  [support.Log] **************************************************************************************** 
2020-08-09 20:36:56,225 INFO  [support.Log] $$$$$$$$$$$$$$$$$$$$$                 RTEAdmin       $$$$$$$$$$$$$$$$$$$$$$$$$ 
2020-08-09 20:36:56,225 INFO  [support.Log] **************************************************************************************** 
2020-08-09 20:36:56,225 INFO  [support.Log] **************************************************************************************** 
2020-08-09 20:36:56,225 INFO  [support.Log] *Try to Open Browser* 
2020-08-09 20:36:59,308 INFO  [support.Log] Opened Browser: Chrome 
2020-08-09 20:36:59,318 INFO  [support.Log] *Try to navigate to specify URL* 
2020-08-09 20:36:59,496 INFO  [support.Log] Navigated to specify URL: https://caautomation3.healthasyst.com:20007/Admin/Login.aspx 
2020-08-09 20:36:59,507 INFO  [support.Log] *Try to input value* 
2020-08-09 20:36:59,665 INFO  [support.Log] Inputted value: user1234 to element TXT_USERNAME 
2020-08-09 20:36:59,676 INFO  [support.Log] *Try to input value* 
2020-08-09 20:36:59,792 INFO  [support.Log] Inputted value: Rece@1234 to element TXT_PASSWORD 
2020-08-09 20:36:59,802 INFO  [support.Log] *Try to Click on WebElement* 
2020-08-09 20:37:00,205 INFO  [support.Log] Clicked on WebElement BTN_ADMINLOGIN 
2020-08-09 20:37:00,214 INFO  [support.Log] *Try to Wait for element is able to click* 
2020-08-09 20:37:00,256 INFO  [support.Log] Element: BTN_CONFIGURATIONADMIN is able to click. 
2020-08-09 20:37:00,274 INFO  [support.Log] *Try to hover to move To Element* 
2020-08-09 20:37:00,370 INFO  [support.Log] Hovered to move To Element: BTN_CONFIGURATIONADMIN 
2020-08-09 20:37:00,381 INFO  [support.Log] *Try to hover to move To Element* 
2020-08-09 20:37:00,412 INFO  [support.Log] Hovered to move To Element: BTN_ORGPREFADMINNEW 
2020-08-09 20:37:00,421 INFO  [support.Log] *Try to Click on WebElement* 
2020-08-09 20:37:00,610 INFO  [support.Log] Clicked on WebElement BTN_ORGANIZATIONPREFERENCE 
2020-08-09 20:37:00,619 INFO  [support.Log] *Try toVerify Element is existed* 
2020-08-09 20:37:00,636 INFO  [support.Log] Element: BTN_DROPDOWNORG_ADMIN is existed 
2020-08-09 20:37:00,646 INFO  [support.Log] *Try to select by visible text* 
2020-08-09 20:37:00,734 INFO  [support.Log] Selected BTN_DROPDOWNORG_ADMIN by visible text: Intergy 
2020-08-09 20:37:00,744 INFO  [support.Log] *Try to input value* 
2020-08-09 20:37:01,036 INFO  [support.Log] Inputted value: EnablePaymentPlan to element TXT_INPUTQSTRULE_ADMIN 
2020-08-09 20:37:01,045 INFO  [support.Log] *Try to Click on WebElement* 
2020-08-09 20:37:01,206 INFO  [support.Log] Clicked on WebElement BTN_SEARCHQSTRULE_ADMIN 
2020-08-09 20:37:01,215 INFO  [support.Log] *Try to Click on WebElement* 
2020-08-09 20:37:01,299 INFO  [support.Log] Clicked on WebElement LNKT_ENABLEPP 
2020-08-09 20:37:01,311 INFO  [support.Log] *Try to Move control from parent to child window* 
2020-08-09 20:37:01,346 INFO  [support.Log] * Moved control from parent to child *OrganizationPreferences 
2020-08-09 20:37:02,380 INFO  [support.Log] * Moved control from parent to child *Organization Preference Update 
2020-08-09 20:37:02,388 INFO  [support.Log] *Try to Check CheckBox* 
2020-08-09 20:37:02,417 INFO  [support.Log] CheckBox: CHK_ENABLEPP was already checked . 
2020-08-09 20:37:02,426 INFO  [support.Log] *Try to Click on WebElement* 
2020-08-09 20:37:02,564 INFO  [support.Log] Clicked on WebElement BTN_ENABLEPPSAVE 
2020-08-09 20:37:02,572 INFO  [support.Log] *Try to Move control from parent to child window* 
2020-08-09 20:37:02,591 INFO  [support.Log] * Moved control from child to parent*OrganizationPreferences 
2020-08-09 20:37:02,599 INFO  [support.Log] *Try to input value* 
2020-08-09 20:37:02,719 INFO  [support.Log] Inputted value: PaymentPlans to element TXT_INPUTQSTRULE_ADMIN 
2020-08-09 20:37:02,727 INFO  [support.Log] *Try to Click on WebElement* 
2020-08-09 20:37:02,881 INFO  [support.Log] Clicked on WebElement BTN_SEARCHQSTRULE_ADMIN 
2020-08-09 20:37:02,890 INFO  [support.Log] *Try to Click on WebElement* 
2020-08-09 20:37:02,960 INFO  [support.Log] Clicked on WebElement LNKT_PAYMENTPLANS 
2020-08-09 20:37:02,969 INFO  [support.Log] *Try to Move control from parent to child window* 
2020-08-09 20:37:03,011 INFO  [support.Log] * Moved control from parent to child *OrganizationPreferences 
2020-08-09 20:37:03,048 INFO  [support.Log] * Moved control from parent to child *Organization Preference Update 
2020-08-09 20:37:03,056 INFO  [support.Log] *Try to Check CheckBox* 
2020-08-09 20:37:03,076 INFO  [support.Log] CheckBox: CHK_ENABLEPP was already checked . 
2020-08-09 20:37:03,083 INFO  [support.Log] *Try to Click on WebElement* 
2020-08-09 20:37:03,218 INFO  [support.Log] Clicked on WebElement BTN_ENABLEPPSAVE 
2020-08-09 20:37:03,224 INFO  [support.Log] *Try to Move control from parent to child window* 
2020-08-09 20:37:03,243 INFO  [support.Log] * Moved control from child to parent*OrganizationPreferences 
2020-08-09 20:37:03,250 INFO  [support.Log] *Try to input value* 
2020-08-09 20:37:03,413 INFO  [support.Log] Inputted value: EnableSameGuarantorBalanceUpdate to element TXT_INPUTQSTRULE_ADMIN 
2020-08-09 20:37:03,420 INFO  [support.Log] *Try to Click on WebElement* 
2020-08-09 20:37:03,557 INFO  [support.Log] Clicked on WebElement BTN_SEARCHQSTRULE_ADMIN 
2020-08-09 20:37:03,564 INFO  [support.Log] *Try to Check CheckBox* 
2020-08-09 20:37:03,642 INFO  [support.Log] Check CheckBox: LNKT_EnableSameGuarantorBalanceUpdate 
2020-08-09 20:37:03,651 INFO  [support.Log] *Try to Move control from parent to child window* 
2020-08-09 20:37:03,706 INFO  [support.Log] * Moved control from parent to child *OrganizationPreferences 
2020-08-09 20:37:03,731 INFO  [support.Log] * Moved control from parent to child *Organization Preference Update 
2020-08-09 20:37:03,738 INFO  [support.Log] *Try to unCheck CheckBox* 
2020-08-09 20:37:03,793 INFO  [support.Log] Uncheck CheckBox: CHK_ENABLEPP 
2020-08-09 20:37:03,800 INFO  [support.Log] *Try to Click on WebElement* 
2020-08-09 20:37:03,943 INFO  [support.Log] Clicked on WebElement BTN_ENABLEPPSAVE 
2020-08-09 20:37:03,950 INFO  [support.Log] *Try to Move control from parent to child window* 
2020-08-09 20:37:03,968 INFO  [support.Log] * Moved control from child to parent*OrganizationPreferences 
2020-08-09 20:37:03,975 INFO  [support.Log] *Try to input value* 
2020-08-09 20:37:04,087 INFO  [support.Log] Inputted value: EnableRTE to element TXT_INPUTQSTRULE_ADMIN 
2020-08-09 20:37:04,093 INFO  [support.Log] *Try to Click on WebElement* 
2020-08-09 20:37:04,246 INFO  [support.Log] Clicked on WebElement BTN_SEARCHQSTRULE_ADMIN 
2020-08-09 20:37:04,264 INFO  [support.Log] *Try to Click on WebElement* 
2020-08-09 20:37:04,327 INFO  [support.Log] Clicked on WebElement LNKT_ORG_PREFERENCE 
2020-08-09 20:37:04,334 INFO  [support.Log] *Try to Move control from parent to child window* 
2020-08-09 20:37:04,355 INFO  [support.Log] * Moved control from parent to child *OrganizationPreferences 
2020-08-09 20:37:04,410 INFO  [support.Log] * Moved control from parent to child *Organization Preference Update 
2020-08-09 20:37:04,417 INFO  [support.Log] *Try to Check CheckBox* 
2020-08-09 20:37:04,437 INFO  [support.Log] CheckBox: CHK_ENABLEPP was already checked . 
2020-08-09 20:37:04,444 INFO  [support.Log] *Try to Click on WebElement* 
2020-08-09 20:37:04,575 INFO  [support.Log] Clicked on WebElement BTN_ENABLEPPSAVE 
2020-08-09 20:37:04,582 INFO  [support.Log] *Try to Move control from parent to child window* 
2020-08-09 20:37:04,599 INFO  [support.Log] * Moved control from child to parent*OrganizationPreferences 
2020-08-09 20:37:04,606 INFO  [support.Log] *Try to input value* 
2020-08-09 20:37:04,744 INFO  [support.Log] Inputted value: EligibilityCheck to element TXT_INPUTQSTRULE_ADMIN 
2020-08-09 20:37:04,751 INFO  [support.Log] *Try to Click on WebElement* 
2020-08-09 20:37:04,882 INFO  [support.Log] Clicked on WebElement BTN_SEARCHQSTRULE_ADMIN 
2020-08-09 20:37:04,888 INFO  [support.Log] *Try to Click on WebElement* 
2020-08-09 20:37:04,952 INFO  [support.Log] Clicked on WebElement LNKT_ORG_PREFERENCE 
2020-08-09 20:37:04,959 INFO  [support.Log] *Try to Move control from parent to child window* 
2020-08-09 20:37:05,019 INFO  [support.Log] * Moved control from parent to child *OrganizationPreferences 
2020-08-09 20:37:05,042 INFO  [support.Log] * Moved control from parent to child *Organization Preference Update 
2020-08-09 20:37:05,049 INFO  [support.Log] *Try to Check CheckBox* 
2020-08-09 20:37:05,072 INFO  [support.Log] CheckBox: CHK_ENABLEPP was already checked . 
2020-08-09 20:37:05,078 INFO  [support.Log] *Try to Click on WebElement* 
2020-08-09 20:37:05,243 INFO  [support.Log] Clicked on WebElement BTN_ENABLEPPSAVE 
2020-08-09 20:37:05,250 INFO  [support.Log] *Try to Move control from parent to child window* 
2020-08-09 20:37:05,270 INFO  [support.Log] * Moved control from child to parent*OrganizationPreferences 
2020-08-09 20:37:05,281 INFO  [support.Log] *Try to input value* 
2020-08-09 20:37:05,438 INFO  [support.Log] Inputted value: EligibilityCheck to element TXT_INPUTQSTRULE_ADMIN 
2020-08-09 20:37:05,444 INFO  [support.Log] *Try to Click on WebElement* 
2020-08-09 20:37:05,562 INFO  [support.Log] Clicked on WebElement BTN_SEARCHQSTRULE_ADMIN 
2020-08-09 20:37:05,568 INFO  [support.Log] *Try to Click on WebElement* 
2020-08-09 20:37:05,642 INFO  [support.Log] Clicked on WebElement LNKT_ORG_PREFERENCE 
2020-08-09 20:37:05,652 INFO  [support.Log] *Try to Move control from parent to child window* 
2020-08-09 20:37:05,728 INFO  [support.Log] * Moved control from parent to child *OrganizationPreferences 
2020-08-09 20:37:05,747 INFO  [support.Log] * Moved control from parent to child *Organization Preference Update 
2020-08-09 20:37:05,754 INFO  [support.Log] *Try to Check CheckBox* 
2020-08-09 20:37:05,779 INFO  [support.Log] CheckBox: CHK_ENABLEPP was already checked . 
2020-08-09 20:37:05,786 INFO  [support.Log] *Try to Click on WebElement* 
2020-08-09 20:37:05,955 INFO  [support.Log] Clicked on WebElement BTN_ENABLEPPSAVE 
2020-08-09 20:37:05,961 INFO  [support.Log] *Try to Move control from parent to child window* 
2020-08-09 20:37:05,975 INFO  [support.Log] * Moved control from child to parent*OrganizationPreferences 
2020-08-09 20:37:05,981 INFO  [support.Log] *Try to input value* 
2020-08-09 20:37:06,125 INFO  [support.Log] Inputted value: DesktopDashboardTheme to element TXT_INPUTQSTRULE_ADMIN 
2020-08-09 20:37:06,131 INFO  [support.Log] *Try to Click on WebElement* 
2020-08-09 20:37:06,271 INFO  [support.Log] Clicked on WebElement BTN_SEARCHQSTRULE_ADMIN 
2020-08-09 20:37:06,278 INFO  [support.Log] *Try to Click on WebElement* 
2020-08-09 20:37:06,345 INFO  [support.Log] Clicked on WebElement LNKT_DESKTOP_THEME 
2020-08-09 20:37:06,351 INFO  [support.Log] *Try to Move control from parent to child window* 
2020-08-09 20:37:06,400 INFO  [support.Log] * Moved control from parent to child *OrganizationPreferences 
2020-08-09 20:37:06,435 INFO  [support.Log] * Moved control from parent to child *Organization Preference Update 
2020-08-09 20:37:06,441 INFO  [support.Log] *Try to select by visible text* 
2020-08-09 20:37:06,492 INFO  [support.Log] Selected DD_DESKTTOP_TEHME_OPTIONS by visible text: RTEDashboard 
2020-08-09 20:37:06,498 INFO  [support.Log] *Try to Click on WebElement* 
2020-08-09 20:37:06,659 INFO  [support.Log] Clicked on WebElement BTN_ENABLEPPSAVE 
2020-08-09 20:37:06,665 INFO  [support.Log] *Try to Move control from parent to child window* 
2020-08-09 20:37:06,682 INFO  [support.Log] * Moved control from child to parent*OrganizationPreferences 
2020-08-09 20:37:06,688 INFO  [support.Log] *Try to input value* 
2020-08-09 20:37:06,849 INFO  [support.Log] Inputted value: enablecheckinbuffer to element TXT_INPUTQSTRULE_ADMIN 
2020-08-09 20:37:06,856 INFO  [support.Log] *Try to Click on WebElement* 
2020-08-09 20:37:06,990 INFO  [support.Log] Clicked on WebElement BTN_SEARCHQSTRULE_ADMIN 
2020-08-09 20:37:06,996 INFO  [support.Log] *Try to Click on WebElement* 
2020-08-09 20:37:07,081 INFO  [support.Log] Clicked on WebElement LNKT_ORG_PREFERENCE 
2020-08-09 20:37:07,104 INFO  [support.Log] *Try to quit the browser* 
2020-08-09 20:37:08,011 INFO  [support.Log] *quitted the browser* 
2020-08-09 20:37:08,021 INFO  [support.Log] XXXXXXXXXXXXXXXXXXXXXXX             -E---N---D-             XXXXXXXXXXXXXXXXXXXXXX 
2020-08-09 20:37:08,021 INFO  [support.Log] X 
2020-08-09 20:37:08,021 INFO  [support.Log] X 
2020-08-09 20:37:08,021 INFO  [support.Log] X 
2020-08-09 20:37:08,021 INFO  [support.Log] X 
2020-08-09 20:37:08,022 ERROR [support.Log] Class ReadWrite | Method setExcelFile | Exception desc: RTEAdmin (The system cannot find the file specified) 
2020-08-09 20:37:08,027 INFO  [support.Log] **************************************************************************************** 
2020-08-09 20:37:08,027 INFO  [support.Log] **************************************************************************************** 
2020-08-09 20:37:08,027 INFO  [support.Log] $$$$$$$$$$$$$$$$$$$$$                 PP_Admin_PREF       $$$$$$$$$$$$$$$$$$$$$$$$$ 
2020-08-09 20:37:08,027 INFO  [support.Log] **************************************************************************************** 
2020-08-09 20:37:08,027 INFO  [support.Log] **************************************************************************************** 
2020-08-09 20:37:08,027 INFO  [support.Log] *Try to Open Browser* 
2020-08-09 20:37:11,102 INFO  [support.Log] Opened Browser: Chrome 
2020-08-09 20:37:11,108 INFO  [support.Log] *Try to navigate to specify URL* 
2020-08-09 20:37:11,288 INFO  [support.Log] Navigated to specify URL: https://caautomation3.healthasyst.com:20007/Admin/Login.aspx 
2020-08-09 20:37:11,294 INFO  [support.Log] *Try to input value* 
2020-08-09 20:37:11,412 INFO  [support.Log] Inputted value: user1234 to element TXT_USERNAME 
2020-08-09 20:37:11,418 INFO  [support.Log] *Try to input value* 
2020-08-09 20:37:11,531 INFO  [support.Log] Inputted value: Rece@1234 to element TXT_PASSWORD 
2020-08-09 20:37:11,537 INFO  [support.Log] *Try to Click on WebElement* 
2020-08-09 20:37:11,916 INFO  [support.Log] Clicked on WebElement BTN_lOGIN1 
2020-08-09 20:37:11,922 INFO  [support.Log] *Try to Wait for element is able to click* 
2020-08-09 20:37:11,958 INFO  [support.Log] Element: BTN_CONFIGURATIONADMIN is able to click. 
2020-08-09 20:37:11,965 INFO  [support.Log] *Try to hover to move To Element* 
2020-08-09 20:37:12,016 INFO  [support.Log] Hovered to move To Element: BTN_CONFIGURATIONADMIN 
2020-08-09 20:37:12,023 INFO  [support.Log] *Try to hover to move To Element* 
2020-08-09 20:37:12,062 INFO  [support.Log] Hovered to move To Element: BTN_ORGPREFADMINNEW 
2020-08-09 20:37:12,068 INFO  [support.Log] *Try to Click on WebElement* 
2020-08-09 20:37:12,204 INFO  [support.Log] Clicked on WebElement BTN_ORGANIZATIONPREFERENCE 
2020-08-09 20:37:12,212 INFO  [support.Log] *Try toVerify Element is existed* 
2020-08-09 20:37:12,226 INFO  [support.Log] Element: BTN_DROPDOWNORG_ADMIN is existed 
2020-08-09 20:37:12,232 INFO  [support.Log] *Try to select by visible text* 
2020-08-09 20:37:12,313 INFO  [support.Log] Selected BTN_DROPDOWNORG_ADMIN by visible text: Intergy 
2020-08-09 20:37:12,319 INFO  [support.Log] *Try to input value* 
2020-08-09 20:37:12,579 INFO  [support.Log] Inputted value: EnablePaymentPlan to element TXT_INPUTQSTRULE_ADMIN 
2020-08-09 20:37:12,585 INFO  [support.Log] *Try to Click on WebElement* 
2020-08-09 20:37:12,704 INFO  [support.Log] Clicked on WebElement BTN_SEARCHQSTRULE_ADMIN 
2020-08-09 20:37:12,710 INFO  [support.Log] *Try to Click on WebElement* 
2020-08-09 20:37:12,870 INFO  [support.Log] Clicked on WebElement LNKT_ENABLEPP 
2020-08-09 20:37:12,876 INFO  [support.Log] *Try to Move control from parent to child window* 
2020-08-09 20:37:12,912 INFO  [support.Log] * Moved control from parent to child *OrganizationPreferences 
2020-08-09 20:37:13,943 INFO  [support.Log] * Moved control from parent to child *Organization Preference Update 
2020-08-09 20:37:13,949 INFO  [support.Log] *Try to Check CheckBox* 
2020-08-09 20:37:13,974 INFO  [support.Log] CheckBox: CHK_ENABLEPP was already checked . 
2020-08-09 20:37:13,980 INFO  [support.Log] *Try to Click on WebElement* 
2020-08-09 20:37:14,118 INFO  [support.Log] Clicked on WebElement BTN_ENABLEPPSAVE 
2020-08-09 20:37:14,124 INFO  [support.Log] *Try to Move control from parent to child window* 
2020-08-09 20:37:14,141 INFO  [support.Log] * Moved control from child to parent*OrganizationPreferences 
2020-08-09 20:37:14,147 INFO  [support.Log] *Try to input value* 
2020-08-09 20:37:14,259 INFO  [support.Log] Inputted value: PaymentPlans to element TXT_INPUTQSTRULE_ADMIN 
2020-08-09 20:37:14,265 INFO  [support.Log] *Try to Click on WebElement* 
2020-08-09 20:37:14,381 INFO  [support.Log] Clicked on WebElement BTN_SEARCHQSTRULE_ADMIN 
2020-08-09 20:37:14,387 INFO  [support.Log] *Try to Click on WebElement* 
2020-08-09 20:37:14,450 INFO  [support.Log] Clicked on WebElement LNKT_PAYMENTPLANS 
2020-08-09 20:37:14,456 INFO  [support.Log] *Try to Move control from parent to child window* 
2020-08-09 20:37:14,476 INFO  [support.Log] * Moved control from parent to child *OrganizationPreferences 
2020-08-09 20:37:14,525 INFO  [support.Log] * Moved control from parent to child *Organization Preference Update 
2020-08-09 20:37:14,532 INFO  [support.Log] *Try to Check CheckBox* 
2020-08-09 20:37:14,552 INFO  [support.Log] CheckBox: CHK_ENABLEPP was already checked . 
2020-08-09 20:37:14,557 INFO  [support.Log] *Try to Click on WebElement* 
2020-08-09 20:37:14,690 INFO  [support.Log] Clicked on WebElement BTN_ENABLEPPSAVE 
2020-08-09 20:37:14,695 INFO  [support.Log] *Try to Move control from parent to child window* 
2020-08-09 20:37:14,709 INFO  [support.Log] * Moved control from child to parent*OrganizationPreferences 
2020-08-09 20:37:14,716 INFO  [support.Log] *Try to input value* 
2020-08-09 20:37:14,888 INFO  [support.Log] Inputted value: EnableSameGuarantorBalanceUpdate to element TXT_INPUTQSTRULE_ADMIN 
2020-08-09 20:37:14,893 INFO  [support.Log] *Try to Click on WebElement* 
2020-08-09 20:37:15,034 INFO  [support.Log] Clicked on WebElement BTN_SEARCHQSTRULE_ADMIN 
2020-08-09 20:37:15,040 INFO  [support.Log] *Try to Check CheckBox* 
2020-08-09 20:37:15,109 INFO  [support.Log] Checked CheckBox: LNKT_EnableSameGuarantorBalanceUpdate 
2020-08-09 20:37:15,115 INFO  [support.Log] *Try to Move control from parent to child window* 
2020-08-09 20:37:15,192 INFO  [support.Log] * Moved control from parent to child *OrganizationPreferences 
2020-08-09 20:37:15,220 INFO  [support.Log] * Moved control from parent to child *Organization Preference Update 
2020-08-09 20:37:15,226 INFO  [support.Log] *Try to unCheck CheckBox* 
2020-08-09 20:37:15,244 INFO  [support.Log] CheckBox: CHK_ENABLEPP was already unchecked. 
2020-08-09 20:37:15,250 INFO  [support.Log] *Try to Click on WebElement* 
2020-08-09 20:37:15,393 INFO  [support.Log] Clicked on WebElement BTN_ENABLEPPSAVE 
2020-08-09 20:37:15,400 INFO  [support.Log] *Try to Move control from parent to child window* 
2020-08-09 20:37:15,416 INFO  [support.Log] * Moved control from child to parent*OrganizationPreferences 
2020-08-09 20:37:15,421 INFO  [support.Log] *Try to input value* 
2020-08-09 20:37:15,529 INFO  [support.Log] Inputted value: EnableRTE to element TXT_INPUTQSTRULE_ADMIN 
2020-08-09 20:37:15,534 INFO  [support.Log] *Try to Click on WebElement* 
2020-08-09 20:37:15,650 INFO  [support.Log] Clicked on WebElement BTN_SEARCHQSTRULE_ADMIN 
2020-08-09 20:37:15,655 INFO  [support.Log] *Try to Click on WebElement* 
2020-08-09 20:37:15,719 INFO  [support.Log] Clicked on WebElement LNKT_ORG_PREFERENCE 
2020-08-09 20:37:15,725 INFO  [support.Log] *Try to Move control from parent to child window* 
2020-08-09 20:37:15,742 INFO  [support.Log] * Moved control from parent to child *OrganizationPreferences 
2020-08-09 20:37:15,794 INFO  [support.Log] * Moved control from parent to child *Organization Preference Update 
2020-08-09 20:37:15,800 INFO  [support.Log] *Try to Check CheckBox* 
2020-08-09 20:37:15,825 INFO  [support.Log] CheckBox: CHK_ENABLEPP was already checked . 
2020-08-09 20:37:15,831 INFO  [support.Log] *Try to Click on WebElement* 
2020-08-09 20:37:15,960 INFO  [support.Log] Clicked on WebElement BTN_ENABLEPPSAVE 
2020-08-09 20:37:15,965 INFO  [support.Log] *Try to Move control from parent to child window* 
2020-08-09 20:37:15,981 INFO  [support.Log] * Moved control from child to parent*OrganizationPreferences 
2020-08-09 20:37:15,988 INFO  [support.Log] *Try to input value* 
2020-08-09 20:37:16,115 INFO  [support.Log] Inputted value: EligibilityCheck to element TXT_INPUTQSTRULE_ADMIN 
2020-08-09 20:37:16,121 INFO  [support.Log] *Try to Click on WebElement* 
2020-08-09 20:37:16,233 INFO  [support.Log] Clicked on WebElement BTN_SEARCHQSTRULE_ADMIN 
2020-08-09 20:37:16,239 INFO  [support.Log] *Try to Click on WebElement* 
2020-08-09 20:37:16,309 INFO  [support.Log] Clicked on WebElement LNKT_ORG_PREFERENCE 
2020-08-09 20:37:16,315 INFO  [support.Log] *Try to Move control from parent to child window* 
2020-08-09 20:37:16,339 INFO  [support.Log] * Moved control from parent to child *OrganizationPreferences 
2020-08-09 20:37:16,386 INFO  [support.Log] * Moved control from parent to child *Organization Preference Update 
2020-08-09 20:37:16,393 INFO  [support.Log] *Try to Check CheckBox* 
2020-08-09 20:37:16,412 INFO  [support.Log] CheckBox: CHK_ENABLEPP was already checked . 
2020-08-09 20:37:16,418 INFO  [support.Log] *Try to Click on WebElement* 
2020-08-09 20:37:16,549 INFO  [support.Log] Clicked on WebElement BTN_ENABLEPPSAVE 
2020-08-09 20:37:16,555 INFO  [support.Log] *Try to Move control from parent to child window* 
2020-08-09 20:37:16,570 INFO  [support.Log] * Moved control from child to parent*OrganizationPreferences 
2020-08-09 20:37:16,577 INFO  [support.Log] *Try to input value* 
2020-08-09 20:37:16,696 INFO  [support.Log] Inputted value: EligibilityCheck to element TXT_INPUTQSTRULE_ADMIN 
2020-08-09 20:37:16,703 INFO  [support.Log] *Try to Click on WebElement* 
2020-08-09 20:37:16,813 INFO  [support.Log] Clicked on WebElement BTN_SEARCHQSTRULE_ADMIN 
2020-08-09 20:37:16,819 INFO  [support.Log] *Try to Click on WebElement* 
2020-08-09 20:37:16,894 INFO  [support.Log] Clicked on WebElement LNKT_ORG_PREFERENCE 
2020-08-09 20:37:16,900 INFO  [support.Log] *Try to Move control from parent to child window* 
2020-08-09 20:37:16,920 INFO  [support.Log] * Moved control from parent to child *OrganizationPreferences 
2020-08-09 20:37:16,966 INFO  [support.Log] * Moved control from parent to child *Organization Preference Update 
2020-08-09 20:37:16,972 INFO  [support.Log] *Try to Check CheckBox* 
2020-08-09 20:37:16,992 INFO  [support.Log] CheckBox: CHK_ENABLEPP was already checked . 
2020-08-09 20:37:16,997 INFO  [support.Log] *Try to Click on WebElement* 
2020-08-09 20:37:17,129 INFO  [support.Log] Clicked on WebElement BTN_ENABLEPPSAVE 
2020-08-09 20:37:17,135 INFO  [support.Log] *Try to Move control from parent to child window* 
2020-08-09 20:37:17,148 INFO  [support.Log] * Moved control from child to parent*OrganizationPreferences 
2020-08-09 20:37:17,154 INFO  [support.Log] *Try to input value* 
2020-08-09 20:37:17,282 INFO  [support.Log] Inputted value: DesktopDashboardTheme to element TXT_INPUTQSTRULE_ADMIN 
2020-08-09 20:37:17,288 INFO  [support.Log] *Try to Click on WebElement* 
2020-08-09 20:37:17,401 INFO  [support.Log] Clicked on WebElement BTN_SEARCHQSTRULE_ADMIN 
2020-08-09 20:37:17,406 INFO  [support.Log] *Try to Click on WebElement* 
2020-08-09 20:37:17,485 INFO  [support.Log] Clicked on WebElement LNKT_DESKTOP_THEME 
2020-08-09 20:37:17,491 INFO  [support.Log] *Try to Move control from parent to child window* 
2020-08-09 20:37:17,508 INFO  [support.Log] * Moved control from parent to child *OrganizationPreferences 
2020-08-09 20:37:17,561 INFO  [support.Log] * Moved control from parent to child *Organization Preference Update 
2020-08-09 20:37:17,567 INFO  [support.Log] *Try to select by visible text* 
2020-08-09 20:37:17,625 INFO  [support.Log] Selected DD_DESKTTOP_TEHME_OPTIONS by visible text: RTEDashboard 
2020-08-09 20:37:17,630 INFO  [support.Log] *Try to Click on WebElement* 
2020-08-09 20:37:17,780 INFO  [support.Log] Clicked on WebElement BTN_ENABLEPPSAVE 
2020-08-09 20:37:17,786 INFO  [support.Log] *Try to Move control from parent to child window* 
2020-08-09 20:37:17,800 INFO  [support.Log] * Moved control from child to parent*OrganizationPreferences 
2020-08-09 20:37:17,812 INFO  [support.Log] *Try to input value* 
2020-08-09 20:37:17,945 INFO  [support.Log] Inputted value: enablecheckinbuffer to element TXT_INPUTQSTRULE_ADMIN 
2020-08-09 20:37:17,950 INFO  [support.Log] *Try to Click on WebElement* 
2020-08-09 20:37:18,058 INFO  [support.Log] Clicked on WebElement BTN_SEARCHQSTRULE_ADMIN 
2020-08-09 20:37:18,066 INFO  [support.Log] *Try to Click on WebElement* 
2020-08-09 20:37:18,143 INFO  [support.Log] Clicked on WebElement LNKT_ORG_PREFERENCE 
2020-08-09 20:37:18,149 INFO  [support.Log] *Try to quit the browser* 
2020-08-09 20:37:18,841 INFO  [support.Log] *quitted the browser* 
2020-08-09 20:37:18,851 INFO  [support.Log] XXXXXXXXXXXXXXXXXXXXXXX             -E---N---D-             XXXXXXXXXXXXXXXXXXXXXX 
2020-08-09 20:37:18,851 INFO  [support.Log] X 
2020-08-09 20:37:18,851 INFO  [support.Log] X 
2020-08-09 20:37:18,851 INFO  [support.Log] X 
2020-08-09 20:37:18,851 INFO  [support.Log] X 
2020-08-09 20:37:18,851 ERROR [support.Log] Class ReadWrite | Method setExcelFile | Exception desc: PP_Admin_PREF (The system cannot find the file specified) 
